-e ** BEGIN OUTPUT **
** Delete all Bookobjects to start fresh
0
-e ** Insert one Bookobject 

New Book entity(entities) inserted; result=null-e 
** Query all Bookobjects
[{"release_date":381484800390,"author":"Tolkien","price":300,"description":"The story of hobbit","bookname":"Hobbit","bookid":1}]
** Insert multiple (two) Bookobjects
New Book entity(entities) inserted; result=null
** Query all Bookobjects
[{"release_date":381484800390,"author":"Tolkien","price":300,"description":"The story of hobbit","bookname":"Hobbit","bookid":1},{"release_date":381484890390,"author":"Tolkien2","price":400,"description":"The story of hobbit2","bookname":"Hobbit2","bookid":2}]
** Query non-exempted Bookobjects
Error during query: Error running instance method
com.softwaretree.jdx.JDXSQLException: Unknown column 'exempt' in 'where clause'.  SQLException details follow.  SQLState: 42S22; Message:  Unknown column 'exempt' in 'where clause'; Vendor code:   1054
	at com.softwaretree.jdx.JDXSImpl.query(SourceFile:471)
	at com.softwaretree.jdx.JDXHelper.getObjects(SourceFile:115)
	at sun.reflect.NativeMethodAccessorImpl.invoke0(Native Method)
	at sun.reflect.NativeMethodAccessorImpl.invoke(NativeMethodAccessorImpl.java:62)
	at sun.reflect.DelegatingMethodAccessorImpl.invoke(DelegatingMethodAccessorImpl.java:43)
	at java.lang.reflect.Method.invoke(Method.java:498)
	at node.MethodCallBaton.invokeMethod(MethodCallBaton.java:13)

** Query the count of exempted Bookobjects
Error during aggregate query: Error running instance method
com.softwaretree.jdx.JDXException: In getAggregate: unknown attribute 'id' for class com.softwaretree.jdxjsonexample.model.JSON_Book
	at com.softwaretree.jdx.JDXSImpl.getAggregate(SourceFile:961)
	at com.softwaretree.jdx.JDXHelper.getAggregate(SourceFile:379)
	at sun.reflect.NativeMethodAccessorImpl.invoke0(Native Method)
	at sun.reflect.NativeMethodAccessorImpl.invoke(NativeMethodAccessorImpl.java:62)
	at sun.reflect.DelegatingMethodAccessorImpl.invoke(DelegatingMethodAccessorImpl.java:43)
	at java.lang.reflect.Method.invoke(Method.java:498)
	at node.MethodCallBaton.invokeMethod(MethodCallBaton.java:13)

** Query the count of all exempted Bookobjects
Error during aggregate query: Error running instance method
com.softwaretree.jdx.JDXException: In getAggregate: unknown attribute 'id' for class com.softwaretree.jdxjsonexample.model.JSON_Book
	at com.softwaretree.jdx.JDXSImpl.getAggregate(SourceFile:961)
	at com.softwaretree.jdx.JDXHelper.getAggregate(SourceFile:379)
	at sun.reflect.NativeMethodAccessorImpl.invoke0(Native Method)
	at sun.reflect.NativeMethodAccessorImpl.invoke(NativeMethodAccessorImpl.java:62)
	at sun.reflect.DelegatingMethodAccessorImpl.invoke(DelegatingMethodAccessorImpl.java:43)
	at java.lang.reflect.Method.invoke(Method.java:498)
	at node.MethodCallBaton.invokeMethod(MethodCallBaton.java:13)

** Query the count of all Bookobjects
Error during aggregate query: Error running instance method
com.softwaretree.jdx.JDXException: In getAggregate: unknown attribute 'id' for class com.softwaretree.jdxjsonexample.model.JSON_Book
	at com.softwaretree.jdx.JDXSImpl.getAggregate(SourceFile:961)
	at com.softwaretree.jdx.JDXHelper.getAggregate(SourceFile:379)
	at sun.reflect.NativeMethodAccessorImpl.invoke0(Native Method)
	at sun.reflect.NativeMethodAccessorImpl.invoke(NativeMethodAccessorImpl.java:62)
	at sun.reflect.DelegatingMethodAccessorImpl.invoke(DelegatingMethodAccessorImpl.java:43)
	at java.lang.reflect.Method.invoke(Method.java:498)
	at node.MethodCallBaton.invokeMethod(MethodCallBaton.java:13)

** END OUTPUT **

